<?xml version="1.0" encoding="UTF-8"?>
<!-- Generated by org.testng.reporters.JUnitReportReporter -->
<testsuite hostname="LENOVO" failures="0" tests="1" name="sample.samplePractice" time="0.040" errors="0" timestamp="2023-04-14T10:57:36 IST" skipped="0">
  <testcase classname="sample.samplePractice" name="test" time="0.040"/>
  <system-out/>
</testsuite> <!-- sample.samplePractice -->
