<?xml version="1.0" encoding="UTF-8"?>
<!-- Generated by org.testng.reporters.JUnitReportReporter -->
<testsuite hostname="LENOVO" failures="0" tests="1" name="sample.Demo2" time="0.015" errors="0" timestamp="2023-04-12T11:55:22 IST" skipped="0">
  <testcase classname="sample.Demo2" name="demo" time="0.015"/>
  <system-out/>
</testsuite> <!-- sample.Demo2 -->
